This is pdfTeX, Version 3.14159265-2.6-1.40.16 (TeX Live 2015) (preloaded format=pdflatex 2015.8.28)  27 MAR 2018 09:10
entering extended mode
 restricted \write18 enabled.
 %&-line parsing enabled.
**\input bareplurals.tex
(./bareplurals.tex
(/usr/local/texlive/2015/texmf-dist/tex/latex/base/article.cls
Document Class: article 2014/09/29 v1.4h Standard LaTeX document class
(/usr/local/texlive/2015/texmf-dist/tex/latex/base/size11.clo
File: size11.clo 2014/09/29 v1.4h Standard LaTeX file (size option)
)
\c@part=\count79
\c@section=\count80
\c@subsection=\count81
\c@subsubsection=\count82
\c@paragraph=\count83
\c@subparagraph=\count84
\c@figure=\count85
\c@table=\count86
\abovecaptionskip=\skip41
\belowcaptionskip=\skip42
\bibindent=\dimen102
)
(/Users/ramsay/LATEX/defns.sty) (/Users/ramsay/LATEX/examples.sty
Style Option `examples' version 1.12 <19 January 1994> (AGBH)
\exampleindent=\dimen103
\@exdepth=\count87
\c@subexample=\count88
\c@subsubexample=\count89
) (/usr/local/texlive/2015/texmf-dist/tex/latex/pstricks/pstricks.sty
Package: pstricks 2013/12/12 v0.60 LaTeX wrapper for `PSTricks' (RN,HV)

(/usr/local/texlive/2015/texmf-dist/tex/generic/oberdiek/ifpdf.sty
Package: ifpdf 2011/01/30 v2.3 Provides the ifpdf switch (HO)
Package ifpdf Info: pdfTeX in PDF mode is detected.
)
(/usr/local/texlive/2015/texmf-dist/tex/generic/pstricks/pstricks.tex
(/usr/local/texlive/2015/texmf-dist/tex/generic/xkeyval/pst-xkey.tex
File: pst-xkey.tex 2005/11/25 v1.6 PSTricks specialization of xkeyval (HA)

(/usr/local/texlive/2015/texmf-dist/tex/latex/xkeyval/xkeyval.sty
Package: xkeyval 2014/12/03 v2.7a package option processing (HA)

(/usr/local/texlive/2015/texmf-dist/tex/generic/xkeyval/xkeyval.tex
(/usr/local/texlive/2015/texmf-dist/tex/generic/xkeyval/xkvutils.tex
\XKV@toks=\toks14
\XKV@tempa@toks=\toks15

(/usr/local/texlive/2015/texmf-dist/tex/generic/xkeyval/keyval.tex))
\XKV@depth=\count90
File: xkeyval.tex 2014/12/03 v2.7a key=value parser (HA)
)))
(/usr/local/texlive/2015/texmf-dist/tex/generic/pstricks/pst-fp.tex
`pst-fp' v0.05, 2010/01/17 (hv)
\pstFP@xs=\count91
\pstFP@xia=\count92
\pstFP@xib=\count93
\pstFP@xfa=\count94
\pstFP@xfb=\count95
\pstFP@rega=\count96
\pstFP@regb=\count97
\pstFP@regs=\count98
\pstFP@times=\count99
)
(/usr/local/texlive/2015/texmf-dist/tex/generic/pgf/utilities/pgfutil-common.te
x
\pgfutil@everybye=\toks16
\pgfutil@tempdima=\dimen104
\pgfutil@tempdimb=\dimen105

(/usr/local/texlive/2015/texmf-dist/tex/generic/pgf/utilities/pgfutil-common-li
sts.tex))
(/usr/local/texlive/2015/texmf-dist/tex/generic/pgf/utilities/pgfkeys.code.tex
\pgfkeys@pathtoks=\toks17
\pgfkeys@temptoks=\toks18

(/usr/local/texlive/2015/texmf-dist/tex/generic/pgf/utilities/pgfkeysfiltered.c
ode.tex
\pgfkeys@tmptoks=\toks19
))
(/usr/local/texlive/2015/texmf-dist/tex/generic/pgf/utilities/pgffor.code.tex
(/usr/local/texlive/2015/texmf-dist/tex/generic/pgf/math/pgfmath.code.tex
(/usr/local/texlive/2015/texmf-dist/tex/generic/pgf/math/pgfmathcalc.code.tex
(/usr/local/texlive/2015/texmf-dist/tex/generic/pgf/math/pgfmathutil.code.tex
\pgf@x=\dimen106
\pgf@xa=\dimen107
\pgf@xb=\dimen108
\pgf@xc=\dimen109
\pgf@y=\dimen110
\pgf@ya=\dimen111
\pgf@yb=\dimen112
\pgf@yc=\dimen113
\c@pgf@counta=\count100
\c@pgf@countb=\count101
\c@pgf@countc=\count102
\c@pgf@countd=\count103
\pgfutil@tempcnta=\count104
\pgfutil@tempcntb=\count105
)
(/usr/local/texlive/2015/texmf-dist/tex/generic/pgf/math/pgfmathparser.code.tex
\pgfmath@dimen=\dimen114
\pgfmath@count=\count106
\pgfmath@box=\box26
\pgfmath@toks=\toks20
\pgfmath@stack@operand=\toks21
\pgfmath@stack@operation=\toks22
)
(/usr/local/texlive/2015/texmf-dist/tex/generic/pgf/math/pgfmathfunctions.code.
tex
(/usr/local/texlive/2015/texmf-dist/tex/generic/pgf/math/pgfmathfunctions.basic
.code.tex)
(/usr/local/texlive/2015/texmf-dist/tex/generic/pgf/math/pgfmathfunctions.trigo
nometric.code.tex)
(/usr/local/texlive/2015/texmf-dist/tex/generic/pgf/math/pgfmathfunctions.rando
m.code.tex)
(/usr/local/texlive/2015/texmf-dist/tex/generic/pgf/math/pgfmathfunctions.compa
rison.code.tex)
(/usr/local/texlive/2015/texmf-dist/tex/generic/pgf/math/pgfmathfunctions.base.
code.tex)
(/usr/local/texlive/2015/texmf-dist/tex/generic/pgf/math/pgfmathfunctions.round
.code.tex)
(/usr/local/texlive/2015/texmf-dist/tex/generic/pgf/math/pgfmathfunctions.misc.
code.tex)
(/usr/local/texlive/2015/texmf-dist/tex/generic/pgf/math/pgfmathfunctions.integ
erarithmetics.code.tex)))
(/usr/local/texlive/2015/texmf-dist/tex/generic/pgf/math/pgfmathfloat.code.tex
\c@pgfmathroundto@lastzeros=\count107
))
\pgffor@iter=\dimen115
\pgffor@skip=\dimen116
\pgffor@stack=\toks23
\pgffor@toks=\toks24
)
\psLoopIndex=\count108

`PSTricks' v2.60  <2014/10/25> (tvz)
\pst@dima=\dimen117
\pst@dimb=\dimen118
\pst@dimc=\dimen119
\pst@dimd=\dimen120
\pst@dimg=\dimen121
\pst@dimh=\dimen122
\pst@dimm=\dimen123
\pst@dimn=\dimen124
\pst@dimo=\dimen125
\pst@dimp=\dimen126
\pst@hbox=\box27
\pst@ibox=\box28
\pst@boxg=\box29
\pst@cnta=\count109
\pst@cntb=\count110
\pst@cntc=\count111
\pst@cntd=\count112
\pst@cntg=\count113
\pst@cnth=\count114
\pst@cntm=\count115
\pst@cntn=\count116
\pst@cnto=\count117
\pst@cntp=\count118
\@zero=\count119
\pst@toks=\toks25
(/usr/local/texlive/2015/texmf-dist/tex/generic/pstricks/pstricks.con)
\psunit=\dimen127
\psxunit=\dimen128
\psyunit=\dimen129
\pst@C@@rType=\count120
\pslinewidth=\dimen130
\psk@startLW=\dimen131
\psk@endLW=\dimen132
\pst@customdefs=\toks26
\pslinearc=\dimen133
\pst@symbolStep=\dimen134
\pst@symbolWidth=\dimen135
\pst@symbolLinewidth=\dimen136
\everypsbox=\toks27
\psframesep=\dimen137
\pslabelsep=\dimen138
\sh@wgridXunit=\dimen139
\sh@wgridYunit=\dimen140
\pst@shift=\dimen141
)
File: pstricks.tex 2014/10/25 v2.60 `PSTricks' (tvz,hv)

(/usr/local/texlive/2015/texmf-dist/tex/generic/pstricks/pst-fp.tex)
File: pst-fp.tex 2014/10/25 v2.60 `PST-fp' (hv)
File: pstricks.pro 2012/10/16 v. 1.15, PostScript prologue file (hv)
File: pst-algparser.pro 2011/10/31 v. 0.04, PostScript prologue file (hv)
File: pst-tools.pro 2012/01/01 v. 0.02, PostScript prologue file (hv)
File: pst-dots.pro 2006/12/19 v. 2.00, PostScript prologue file (hv)

(/usr/local/texlive/2015/texmf-dist/tex/latex/xcolor/xcolor.sty
Package: xcolor 2007/01/21 v2.11 LaTeX color extensions (UK)

(/usr/local/texlive/2015/texmf-dist/tex/latex/latexconfig/color.cfg
File: color.cfg 2007/01/18 v1.5 color configuration of teTeX/TeXLive
)
Package xcolor Info: Driver file: pdftex.def on input line 225.

(/usr/local/texlive/2015/texmf-dist/tex/latex/pdftex-def/pdftex.def
File: pdftex.def 2011/05/27 v0.06d Graphics/color for pdfTeX

(/usr/local/texlive/2015/texmf-dist/tex/generic/oberdiek/infwarerr.sty
Package: infwarerr 2010/04/08 v1.3 Providing info/warning/error messages (HO)
)
(/usr/local/texlive/2015/texmf-dist/tex/generic/oberdiek/ltxcmds.sty
Package: ltxcmds 2011/11/09 v1.22 LaTeX kernel commands for general use (HO)
)
\Gread@gobject=\count121
)
Package xcolor Info: Model `cmy' substituted by `cmy0' on input line 1337.
Package xcolor Info: Model `hsb' substituted by `rgb' on input line 1341.
Package xcolor Info: Model `RGB' extended on input line 1353.
Package xcolor Info: Model `HTML' substituted by `rgb' on input line 1355.
Package xcolor Info: Model `Hsb' substituted by `hsb' on input line 1356.
Package xcolor Info: Model `tHsb' substituted by `hsb' on input line 1357.
Package xcolor Info: Model `HSB' substituted by `hsb' on input line 1358.
Package xcolor Info: Model `Gray' substituted by `gray' on input line 1359.
Package xcolor Info: Model `wave' substituted by `hsb' on input line 1360.
))
(/usr/local/texlive/2015/texmf-dist/tex/latex/fancyvrb/fancyvrb.sty
Package: fancyvrb 2008/02/07

Style option: `fancyvrb' v2.7a, with DG/SPQR fixes, and firstline=lastline fix 
<2008/02/07> (tvz)
\FV@CodeLineNo=\count122
\FV@InFile=\read1
\FV@TabBox=\box30
\c@FancyVerbLine=\count123
\FV@StepNumber=\count124
\FV@OutFile=\write3
) (/Users/ramsay/LATEX/natbib.sty
Package: natbib 2000/07/24 7.0a (PWD)
\bibhang=\skip43
\bibsep=\skip44
LaTeX Info: Redefining \cite on input line 508.
\c@NAT@ctr=\count125

Local config file natbib.cfg used
(/usr/local/texlive/2015/texmf-dist/doc/latex/din1505/natbib.cfg))
(./bareplurals.aux)
\openout1 = `bareplurals.aux'.

LaTeX Font Info:    Checking defaults for OML/cmm/m/it on input line 15.
LaTeX Font Info:    ... okay on input line 15.
LaTeX Font Info:    Checking defaults for T1/cmr/m/n on input line 15.
LaTeX Font Info:    ... okay on input line 15.
LaTeX Font Info:    Checking defaults for OT1/cmr/m/n on input line 15.
LaTeX Font Info:    ... okay on input line 15.
LaTeX Font Info:    Checking defaults for OMS/cmsy/m/n on input line 15.
LaTeX Font Info:    ... okay on input line 15.
LaTeX Font Info:    Checking defaults for OMX/cmex/m/n on input line 15.
LaTeX Font Info:    ... okay on input line 15.
LaTeX Font Info:    Checking defaults for U/cmr/m/n on input line 15.
LaTeX Font Info:    ... okay on input line 15.

(/usr/local/texlive/2015/texmf-dist/tex/context/base/supp-pdf.mkii
[Loading MPS to PDF converter (version 2006.09.02).]
\scratchcounter=\count126
\scratchdimen=\dimen142
\scratchbox=\box31
\nofMPsegments=\count127
\nofMParguments=\count128
\everyMPshowfont=\toks28
\MPscratchCnt=\count129
\MPscratchDim=\dimen143
\MPnumerator=\count130
\makeMPintoPDFobject=\count131
\everyMPtoPDFconversion=\toks29
)
LaTeX Font Info:    Try loading font information for OMS+cmtt on input line 104
.
LaTeX Font Info:    No file OMScmtt.fd. on input line 104.


LaTeX Font Warning: Font shape `OMS/cmtt/m/n' undefined
(Font)              using `OMS/cmsy/m/n' instead
(Font)              for symbol `textbraceleft' on input line 104.

[1
Non-PDF special ignored!
Non-PDF special ignored!
Non-PDF special ignored!
Non-PDF special ignored!


Non-PDF special ignored!
Non-PDF special ignored!
Non-PDF special ignored!{/usr/local/texlive/2015/texmf-var/fonts/map/pdftex/upd
map/pdftex.map}] [2] [3] [4] (./bareplurals.aux)

LaTeX Font Warning: Some font shapes were not available, defaults substituted.

 ) 
Here is how much of TeX's memory you used:
 8619 strings out of 493089
 150878 string characters out of 6134842
 215218 words of memory out of 5000000
 12047 multiletter control sequences out of 15000+600000
 5019 words of font info for 19 fonts, out of 8000000 for 9000
 1141 hyphenation exceptions out of 8191
 36i,5n,40p,417b,345s stack positions out of 5000i,500n,10000p,200000b,80000s
</usr/local/texlive/2015/texmf-dist/fonts/type1/public/amsfonts/cm/cmbx10.pfb
></usr/local/texlive/2015/texmf-dist/fonts/type1/public/amsfonts/cm/cmr10.pfb><
/usr/local/texlive/2015/texmf-dist/fonts/type1/public/amsfonts/cm/cmsy10.pfb></
usr/local/texlive/2015/texmf-dist/fonts/type1/public/amsfonts/cm/cmti10.pfb></u
sr/local/texlive/2015/texmf-dist/fonts/type1/public/amsfonts/cm/cmtt10.pfb>
Output written on bareplurals.pdf (4 pages, 73119 bytes).
PDF statistics:
 37 PDF objects out of 1000 (max. 8388607)
 25 compressed objects within 1 object stream
 0 named destinations out of 1000 (max. 500000)
 1 words of extra memory for PDF output out of 10000 (max. 10000000)

