This is pdfTeX, Version 3.14159265-2.6-1.40.16 (TeX Live 2015) (preloaded format=latex 2015.8.28)  16 AUG 2017 15:00
entering extended mode
 restricted \write18 enabled.
 %&-line parsing enabled.
**notes-14-08-2017
(./notes-14-08-2017.tex
LaTeX2e <2015/01/01>
Babel <3.9l> and hyphenation patterns for 79 languages loaded.
(/usr/local/texlive/2015/texmf-dist/tex/latex/base/article.cls
Document Class: article 2014/09/29 v1.4h Standard LaTeX document class
(/usr/local/texlive/2015/texmf-dist/tex/latex/base/size11.clo
File: size11.clo 2014/09/29 v1.4h Standard LaTeX file (size option)
)
\c@part=\count79
\c@section=\count80
\c@subsection=\count81
\c@subsubsection=\count82
\c@paragraph=\count83
\c@subparagraph=\count84
\c@figure=\count85
\c@table=\count86
\abovecaptionskip=\skip41
\belowcaptionskip=\skip42
\bibindent=\dimen102
)
(/Users/ramsay/LATEX/defns.sty) (/Users/ramsay/LATEX/natbib.sty
Package: natbib 2000/07/24 7.0a (PWD)
\bibhang=\skip43
\bibsep=\skip44
LaTeX Info: Redefining \cite on input line 508.
\c@NAT@ctr=\count87

Local config file natbib.cfg used
(/usr/local/texlive/2015/texmf-dist/doc/latex/din1505/natbib.cfg))
(./notes-14-08-2017.aux)
\openout1 = `notes-14-08-2017.aux'.

LaTeX Font Info:    Checking defaults for OML/cmm/m/it on input line 12.
LaTeX Font Info:    ... okay on input line 12.
LaTeX Font Info:    Checking defaults for T1/cmr/m/n on input line 12.
LaTeX Font Info:    ... okay on input line 12.
LaTeX Font Info:    Checking defaults for OT1/cmr/m/n on input line 12.
LaTeX Font Info:    ... okay on input line 12.
LaTeX Font Info:    Checking defaults for OMS/cmsy/m/n on input line 12.
LaTeX Font Info:    ... okay on input line 12.
LaTeX Font Info:    Checking defaults for OMX/cmex/m/n on input line 12.
LaTeX Font Info:    ... okay on input line 12.
LaTeX Font Info:    Checking defaults for U/cmr/m/n on input line 12.
LaTeX Font Info:    ... okay on input line 12.
LaTeX Font Info:    External font `cmex10' loaded for size
(Font)              <12> on input line 14.
LaTeX Font Info:    External font `cmex10' loaded for size
(Font)              <8> on input line 14.
LaTeX Font Info:    External font `cmex10' loaded for size
(Font)              <6> on input line 14.


LaTeX Warning: No \author given.

LaTeX Font Info:    Try loading font information for OMS+cmr on input line 27.
(/usr/local/texlive/2015/texmf-dist/tex/latex/base/omscmr.fd
File: omscmr.fd 2014/09/29 v2.5h Standard LaTeX font definitions
)
LaTeX Font Info:    Font shape `OMS/cmr/m/n' in size <10.95> not available
(Font)              Font shape `OMS/cmsy/m/n' tried instead on input line 27.
LaTeX Font Info:    External font `cmex10' loaded for size
(Font)              <10.95> on input line 41.

Overfull \hbox (28.99066pt too wide) in paragraph at lines 69--69
[]                \OT1/cmtt/m/n/10 we just have to ask how *** many of *** our 
congregation have been added during[] 
 []


Overfull \hbox (18.49075pt too wide) in paragraph at lines 69--69
[]\OT1/cmtt/m/n/10 n necessary office work and telephoning *** some of *** our 
low-dependency clients to see how[] 
 []


Overfull \hbox (76.24025pt too wide) in paragraph at lines 87--87
[]              \OT1/cmtt/m/n/10 Interest was expressed in *** all of the *** o
rganisational aspects of home care including[] 
 []


Overfull \hbox (23.7407pt too wide) in paragraph at lines 87--87
[]                          \OT1/cmtt/m/n/10 This can make *** all the *** diff
erence to someone who feels unsafe[] 
 []

[1

]
Overfull \hbox (2.74089pt too wide) in paragraph at lines 138--138
[]           \OT1/cmtt/m/n/10 the travelling to get to the *** one the *** nigh
t after and seeing a different[] 
 []


Overfull \hbox (13.2408pt too wide) in paragraph at lines 138--138
[]\OT1/cmtt/m/n/10 jective interpretation of events is not *** one the *** inst
itution of policing is geared up[] 
 []


Overfull \hbox (28.99066pt too wide) in paragraph at lines 138--138
[]          \OT1/cmtt/m/n/10 Now , he concluded gloomily , *** some the *** bes
t examples of the Gibbons technique[] 
 []


Overfull \hbox (23.7407pt too wide) in paragraph at lines 138--138
[]\OT1/cmtt/m/n/10 tutionally established in America , and *** one the *** tend
ency towards which in this country[] 
 []


Overfull \hbox (49.99048pt too wide) in paragraph at lines 138--138
[]        \OT1/cmtt/m/n/10 real winner , though &mdash the *** one the *** high
lighted products of London 's solariums[] 
 []


Overfull \hbox (23.7407pt too wide) in paragraph at lines 138--138
[]               \OT1/cmtt/m/n/10 to gloat at the scene of *** one the *** grav
est blows to democracy carried out[] 
 []


Overfull \hbox (70.9903pt too wide) in paragraph at lines 138--138
[]                   \OT1/cmtt/m/n/10 by the KGB , and for *** some the *** adv
ertisements confirmed their darkest fears .[] 
 []


Overfull \hbox (7.99084pt too wide) in paragraph at lines 138--138
[]          \OT1/cmtt/m/n/10 deserve to be better known as *** many the *** mon
ths that elapsed proved fatal .[] 
 []


Overfull \hbox (13.2408pt too wide) in paragraph at lines 138--138
[]     \OT1/cmtt/m/n/10 the sexual instinct &bquo is never *** any the *** orig
inal object but only a surrogate[] 
 []


Overfull \hbox (2.74089pt too wide) in paragraph at lines 138--138
[]               \OT1/cmtt/m/n/10 in 1989 , to restrict to *** two the *** numb
er of parties allowed to fight[] 
 []


Overfull \hbox (7.99084pt too wide) in paragraph at lines 138--138
[]                  \OT1/cmtt/m/n/10 for many hours on day *** one the *** rive
r seemed amazingly narrow , one[] 
 []


Overfull \hbox (34.24062pt too wide) in paragraph at lines 138--138
[]                                 \OT1/cmtt/m/n/10 One by *** one the *** Corp
orals who commanded each rig section[] 
 []


Overfull \hbox (18.49075pt too wide) in paragraph at lines 138--138
[]                  \OT1/cmtt/m/n/10 &bquo But if there is *** one the *** peop
le of Birkenhead will support him[] 
 []


Overfull \hbox (2.74089pt too wide) in paragraph at lines 154--154
[]               \OT1/cmtt/m/n/10 I have been able to give *** them all *** a g
ood education and every chance[] 
 []

[2]
Overfull \hbox (18.49075pt too wide) in paragraph at lines 177--177
[]                                    \OT1/cmtt/m/n/10 And *** they 'd all *** 
packed them up this morning .</p>[] 
 []


Overfull \hbox (81.4902pt too wide) in paragraph at lines 177--177
[]     \OT1/cmtt/m/n/10 would look at that noticeboard and *** they would all *
** understand the implications behind what he[] 
 []


Overfull \hbox (7.99084pt too wide) in paragraph at lines 211--211
[]            \OT1/cmtt/m/n/10 on its books and is sending *** them each *** a 
booklet when their policies are[] 
 []


Overfull \hbox (65.74034pt too wide) in paragraph at lines 224--224
[]     \OT1/cmtt/m/n/10 January and March this year &mdash *** all of them *** 
long-term detainees held without charge or[] 
 []


Overfull \hbox (39.49057pt too wide) in paragraph at lines 224--224
[]           \OT1/cmtt/m/n/10 areas or &bquo rooms &equo , *** each of them ***
 having a different function or theme[] 
 []


Overfull \hbox (28.99066pt too wide) in paragraph at lines 224--224
[]                                   \OT1/cmtt/m/n/10 What *** all of them *** 
contend is that the auditory effect[] 
 []

[3]
Overfull \hbox (23.7407pt too wide) in paragraph at lines 264--264
[]   \OT1/cmtt/m/n/10 in military or police custody &mdash *** some executed **
* without trial and many others as[] 
 []


Overfull \hbox (7.99084pt too wide) in paragraph at lines 264--264
[]      \OT1/cmtt/m/n/10 is internationalism , a feature , *** some might *** s
ay , of twentieth-century art ;[] 
 []


Overfull \hbox (7.99084pt too wide) in paragraph at lines 264--264
[]   \OT1/cmtt/m/n/10 but it is increasingly unlikely that *** any would *** be
 acceptable to the United board[] 
 []


Overfull \hbox (23.7407pt too wide) in paragraph at lines 264--264
[]       \OT1/cmtt/m/n/10 , another was better organised , *** two had *** marv
ellous raw materials , another was[] 
 []


Overfull \hbox (2.74089pt too wide) in paragraph at lines 287--287
[]             \OT1/cmtt/m/n/10 , bquo With the opening of *** this office *** 
in Glasgow , ACET 's volunteer[] 
 []


Overfull \hbox (39.49057pt too wide) in paragraph at lines 308--308
[]               \OT1/cmtt/m/n/10 While the party contains *** many who *** act
ively seek peace and reconciliation ,[] 
 []


Overfull \hbox (86.74016pt too wide) in paragraph at lines 308--308
[]\OT1/cmtt/m/n/10 ghly organized pressure group headed by *** many who *** had
 previously mounted the Pro-Life Anti-abortion[] 
 []


Overfull \hbox (2.74089pt too wide) in paragraph at lines 308--308
[]             \OT1/cmtt/m/n/10 His words were taken up by *** many who *** wou
ld not have dreamed of opening[] 
 []


Overfull \hbox (39.49057pt too wide) in paragraph at lines 308--308
[]                 \OT1/cmtt/m/n/10 in a number of books , *** some by *** inve
stigative outsiders , some in memoirs[] 
 []


Overfull \hbox (39.49057pt too wide) in paragraph at lines 308--308
[]    \OT1/cmtt/m/n/10 dedicated pastors and much liked by *** many in *** the 
local community , immediately opposed[] 
 []

[4]
Overfull \hbox (44.74052pt too wide) in paragraph at lines 345--345
[] \OT1/cmtt/m/n/10 first hand information is generated by *** the many *** mis
sions and research trips Amnesty sends[] 
 []


Overfull \hbox (13.2408pt too wide) in paragraph at lines 345--345
[]                         \OT1/cmtt/m/n/10 This is one of *** the many *** boo
ks which address the snobbery of[] 
 []

[5]
Overfull \hbox (28.99066pt too wide) in paragraph at lines 426--426
[]           \OT1/cmtt/m/n/10 baskets for the summer , but *** few arrange *** 
for a similarly splendid winter and[] 
 []


Overfull \hbox (2.74089pt too wide) in paragraph at lines 426--426
[]\OT1/cmtt/m/n/10 se-pipe will disperse larger colonies , *** few of *** the i
nsects surviving to climb back[] 
 []


Overfull \hbox (34.24062pt too wide) in paragraph at lines 438--438
[]\OT1/cmtt/m/n/10 ropologist Jacques Maquet knew was that *** a few *** weeks 
after finishing this sombre painting[] 
 []


Overfull \hbox (28.99066pt too wide) in paragraph at lines 438--438
[]                  \OT1/cmtt/m/n/10 They had made sure of *** the few *** prop
rietors between there and Dunkeld ;[] 
 []


Overfull \hbox (55.24043pt too wide) in paragraph at lines 448--448
[]                    \OT1/cmtt/m/n/10 to the end , one of *** the few of *** h
er generation who integrated the immense[] 
 []


Overfull \hbox (13.2408pt too wide) in paragraph at lines 460--460
[]                                 \OT1/cmtt/m/n/10 I have *** far fewer *** fr
iends and I am partially sighted[] 
 []


Overfull \hbox (7.99084pt too wide) in paragraph at lines 460--460
[]            \OT1/cmtt/m/n/10 my own life there have been *** very few *** gen
uine beginnings , only three or[] 
 []


Overfull \hbox (65.74034pt too wide) in paragraph at lines 460--460
[]      \OT1/cmtt/m/n/10 listed &mdash and there are still *** dismally few ***
 &mdash such an attitude inevitably leadsd[] 
 []


Overfull \hbox (76.24025pt too wide) in paragraph at lines 460--460
[]                              \OT1/cmtt/m/n/10 There are *** surprisingly few
 *** popular patterns of cutlery &mdash most[] 
 []


Overfull \hbox (28.99066pt too wide) in paragraph at lines 485--485
[]   \OT1/cmtt/m/n/10 extended to all , essentially affect *** only the few ***
 ; and now an attempted prohibition[] 
 []


Overfull \hbox (23.7407pt too wide) in paragraph at lines 485--485
[]               \OT1/cmtt/m/n/10 to live out my life with *** only the few ***
 possessions I have managed to buy[] 
 []


Overfull \hbox (91.99011pt too wide) in paragraph at lines 485--485
[]                  \OT1/cmtt/m/n/10 had no voice at , and *** only the few ***
 remaining Polish gentry had any representation[] 
 []


Overfull \hbox (55.24043pt too wide) in paragraph at lines 485--485
[]             \OT1/cmtt/m/n/10 oil and orange juice , but *** only the few ***
 scheme-housing children had bathrooms .[] 
 []

[6]
Overfull \hbox (2.74089pt too wide) in paragraph at lines 485--485
[]                    \OT1/cmtt/m/n/10 Up now I have heard *** only the few ***
 reluctant words in the lane .[] 
 []


Overfull \hbox (44.74052pt too wide) in paragraph at lines 506--506
[]                           \OT1/cmtt/m/n/10 In reality , *** most attorneys *
** have made almost no preparation for[] 
 []


Overfull \hbox (2.74089pt too wide) in paragraph at lines 506--506
[]              \OT1/cmtt/m/n/10 interests , as is true of *** most groups *** 
of artists , but their initial[] 
 []


Overfull \hbox (13.2408pt too wide) in paragraph at lines 506--506
[]                    \OT1/cmtt/m/n/10 It will be clear to *** most people *** 
here that the attack is deserved[] 
 []


Overfull \hbox (55.24043pt too wide) in paragraph at lines 506--506
[]                  \OT1/cmtt/m/n/10 , and are still , for *** most people *** 
, including themselves , palpably Jewish[] 
 []


Overfull \hbox (44.74052pt too wide) in paragraph at lines 535--535
[]\OT1/cmtt/m/n/10 bquo something exquisitely fresh , with *** the least amount
 *** of modification in the process of[] 
 []


Overfull \hbox (76.24025pt too wide) in paragraph at lines 535--535
[]\OT1/cmtt/m/n/10 at the constructivism that has received *** the most attenti
on *** in psychology and philosophy has been[] 
 []


Overfull \hbox (39.49057pt too wide) in paragraph at lines 535--535
[]                       \OT1/cmtt/m/n/10 But if there was *** the least chance
 *** of getting out before bedtime he[] 
 []


Overfull \hbox (7.99084pt too wide) in paragraph at lines 551--551
[]           \OT1/cmtt/m/n/10 with other agencies , is the *** most effective *
** way of ensuring the needs of[] 
 []


Overfull \hbox (23.7407pt too wide) in paragraph at lines 551--551
[]                                  \OT1/cmtt/m/n/10 It is *** most important *
** to appoint at one Executor when[] 
 []


Overfull \hbox (7.99084pt too wide) in paragraph at lines 558--558
[]           \OT1/cmtt/m/n/10 : Making it</hi> must be the *** least pious *** 
book that has ever been written[] 
 []


Overfull \hbox (2.74089pt too wide) in paragraph at lines 558--558
[]                                    \OT1/cmtt/m/n/10 The *** least expensive 
*** method is to root your own[] 
 []


Overfull \hbox (7.99084pt too wide) in paragraph at lines 558--558
[]                        \OT1/cmtt/m/n/10 But even in the *** least conducive 
*** conditions , with no wind ,[] 
 []


Overfull \hbox (23.7407pt too wide) in paragraph at lines 565--565
[]            \OT1/cmtt/m/n/10 in the morning and then had *** a most frightful
 *** pain in her tummy . &equo</p>[] 
 []


Overfull \hbox (86.74016pt too wide) in paragraph at lines 565--565
[]                  \OT1/cmtt/m/n/10 , the peace lily , is *** a most elegant *
** houseplant , with glossy green lance-shaped[] 
 []

[7]
Overfull \hbox (34.24062pt too wide) in paragraph at lines 575--575
[]      \OT1/cmtt/m/n/10 speak &mdash to those steps which *** they most enjoye
d *** and thus performed best , they[] 
 []


Overfull \hbox (13.2408pt too wide) in paragraph at lines 575--575
[]           \OT1/cmtt/m/n/10 who could not say the things *** he most wanted *
** to say but who , nevertheless[] 
 []


Overfull \hbox (2.74089pt too wide) in paragraph at lines 589--589
[]                               \OT1/cmtt/m/n/10 There 's *** at least one ***
 track from all eight albums ,[] 
 []


Overfull \hbox (60.49039pt too wide) in paragraph at lines 589--589
[]               \OT1/cmtt/m/n/10 Hall on perhaps two , or *** at the most thre
e *** , separate occasions simply for the[] 
 []


Overfull \hbox (7.99084pt too wide) in paragraph at lines 618--618
[] \OT1/cmtt/m/n/10 disappointing for a reader who expects *** at the least ***
 some evaluation of the shows .[] 
 []


Overfull \hbox (34.24062pt too wide) in paragraph at lines 618--618
[]          \OT1/cmtt/m/n/10 This makes the anthropologist *** at the least ***
 an uncomfortable associate , at the[] 
 []


Overfull \hbox (81.4902pt too wide) in paragraph at lines 618--618
[]      \OT1/cmtt/m/n/10 evening to realise that there was *** at the very leas
t *** and latest , an unfinished conversation[] 
 []


Overfull \hbox (7.99084pt too wide) in paragraph at lines 618--618
[]         \OT1/cmtt/m/n/10 is a cognisant act involving , *** at the very leas
t *** , a conception of a one's[] 
 []


Overfull \hbox (7.99084pt too wide) in paragraph at lines 618--618
[]       \OT1/cmtt/m/n/10 has a rather privileged status ; *** at the very leas
t *** , that it has a beginning[] 
 []


Overfull \hbox (44.74052pt too wide) in paragraph at lines 618--618
[]              \OT1/cmtt/m/n/10 have been revealed ; or , *** at the very leas
t *** , and least interestingly , that[] 
 []


Overfull \hbox (18.49075pt too wide) in paragraph at lines 618--618
[]            \OT1/cmtt/m/n/10 meal in a restaurant , then *** at the very leas
t *** we should all have seen the[] 
 []


Overfull \hbox (49.99048pt too wide) in paragraph at lines 618--618
[]                 \OT1/cmtt/m/n/10 with a debt which is , *** at the most *** 
charitable interpretation , expensive .[] 
 []

[8] (./notes-14-08-2017.bbl) [9] (./notes-14-08-2017.aux) ) 
Here is how much of TeX's memory you used:
 584 strings out of 493090
 6540 string characters out of 6134868
 73544 words of memory out of 5000000
 4124 multiletter control sequences out of 15000+600000
 10020 words of font info for 36 fonts, out of 8000000 for 9000
 1141 hyphenation exceptions out of 8191
 21i,6n,20p,198b,285s stack positions out of 5000i,500n,10000p,200000b,80000s

Output written on notes-14-08-2017.dvi (9 pages, 43012 bytes).
